\BOOKMARK [-1][]{ctitle.-1}{\376\377\127\372\116\216\155\361\136\246\133\146\116\140\166\204\215\205\120\317\175\040\122\006\122\162\124\214\126\376\120\317\122\006\122\162}{}% 1
\BOOKMARK [0][]{section*.2}{\376\377\144\130\000\040\211\201}{ctitle.-1}% 2
\BOOKMARK [0][]{section*.4}{\376\377\000\101\000\102\000\123\000\124\000\122\000\101\000\103\000\124}{ctitle.-1}% 3
\BOOKMARK [0][]{section*.7}{\376\377\000\061\000\040\176\352\213\272}{ctitle.-1}% 4
\BOOKMARK [1][]{section*.8}{\376\377\000\061\000\056\000\061\000\040\213\376\230\230\166\204\170\024\172\166\200\314\146\157}{section*.7}% 5
\BOOKMARK [1][]{section*.13}{\376\377\000\061\000\056\000\062\000\040\126\375\121\205\131\026\170\024\172\166\163\260\162\266}{section*.7}% 6
\BOOKMARK [2][]{section*.14}{\376\377\000\061\000\056\000\062\000\056\000\061\000\040\215\205\120\317\175\040\122\006\122\162\173\227\154\325\170\024\172\166\163\260\162\266}{section*.13}% 7
\BOOKMARK [2][]{section*.15}{\376\377\000\061\000\056\000\062\000\056\000\062\000\040\126\376\120\317\122\006\122\162\170\024\172\166\163\260\162\266}{section*.13}% 8
\BOOKMARK [2][]{section*.16}{\376\377\000\061\000\056\000\062\000\056\000\063\000\040\122\051\165\050\215\205\120\317\175\040\217\333\210\114\126\376\120\317\122\006\122\162\170\024\172\166\163\260\162\266}{section*.13}% 9
\BOOKMARK [1][]{section*.17}{\376\377\000\061\000\056\000\063\000\040\213\272\145\207\170\024\172\166\121\205\133\271\124\214\176\323\147\204\133\211\143\222}{section*.7}% 10
\BOOKMARK [2][]{section*.18}{\376\377\000\061\000\056\000\063\000\056\000\061\000\040\213\272\145\207\170\024\172\166\121\205\133\271}{section*.17}% 11
\BOOKMARK [2][]{section*.19}{\376\377\000\061\000\056\000\063\000\056\000\062\000\040\213\272\145\207\176\323\147\204\133\211\143\222}{section*.17}% 12
\BOOKMARK [0][]{section*.20}{\376\377\000\062\000\040\215\205\120\317\175\040\122\006\122\162\124\214\126\376\120\317\122\006\122\162\164\006\213\272\127\372\170\100}{ctitle.-1}% 13
\BOOKMARK [1][]{section*.21}{\376\377\000\062\000\056\000\061\000\040\155\361\136\246\133\146\116\140}{section*.20}% 14
\BOOKMARK [1][]{section*.24}{\376\377\000\062\000\056\000\062\000\040\123\167\171\357\171\136\176\317\177\121\176\334}{section*.20}% 15
\BOOKMARK [2][]{section*.25}{\376\377\000\062\000\056\000\062\000\056\000\061\000\040\123\167\171\357\134\102}{section*.24}% 16
\BOOKMARK [2][]{section*.28}{\376\377\000\062\000\056\000\062\000\056\000\062\000\040\157\300\155\073\134\102}{section*.24}% 17
\BOOKMARK [2][]{section*.29}{\376\377\000\062\000\056\000\062\000\056\000\063\000\040\154\140\123\026\134\102}{section*.24}% 18
\BOOKMARK [1][]{section*.31}{\376\377\000\062\000\056\000\063\000\040\127\372\116\216\171\136\176\317\177\121\176\334\166\204\126\376\120\317\122\006\122\162}{section*.20}% 19
\BOOKMARK [1][]{section*.32}{\376\377\000\062\000\056\000\064\000\040\215\205\120\317\175\040\127\050\126\376\120\317\122\006\122\162\116\055\166\204\141\017\116\111}{section*.20}% 20
\BOOKMARK [1][]{section*.33}{\376\377\000\062\000\056\000\065\000\040\215\205\120\317\175\040\154\140\123\026\134\102}{section*.20}% 21
\BOOKMARK [0][]{section*.34}{\376\377\000\063\000\040\215\205\120\317\175\040\122\006\122\162}{ctitle.-1}% 22
\BOOKMARK [1][]{section*.36}{\376\377\000\063\000\056\000\061\000\040\215\205\120\317\175\040\165\037\142\020}{section*.34}% 23
\BOOKMARK [0][]{section*.37}{\376\377\000\064\000\040\126\376\120\317\122\006\122\162}{ctitle.-1}% 24
\BOOKMARK [1][]{section*.38}{\376\377\000\064\000\056\000\061\000\040\215\205\120\317\175\040\166\370\117\074\136\246}{section*.37}% 25
\BOOKMARK [1][]{section*.39}{\376\377\000\064\000\056\000\062\000\040\143\137\131\061\121\375\145\160}{section*.37}% 26
\BOOKMARK [1][]{section*.40}{\376\377\000\064\000\056\000\063\000\040\215\205\120\317\175\040\207\215\124\010}{section*.37}% 27
\BOOKMARK [1][]{section*.42}{\376\377\000\064\000\056\000\064\000\040\177\121\176\334\176\323\147\204}{section*.37}% 28
\BOOKMARK [1][]{section*.43}{\376\377\000\064\000\056\000\065\000\040\133\236\145\275\176\306\202\202}{section*.37}% 29
\BOOKMARK [0][]{section*.44}{\376\377\000\065\000\040\133\236\232\214\176\323\147\234\124\214\122\006\147\220}{ctitle.-1}% 30
\BOOKMARK [1][]{section*.45}{\376\377\000\065\000\056\000\061\000\040\133\236\232\214\145\160\143\156\226\306\116\345\123\312\213\304\117\060\150\007\121\306}{section*.44}% 31
\BOOKMARK [2][]{section*.46}{\376\377\000\065\000\056\000\061\000\056\000\061\000\040\133\236\232\214\145\160\143\156\226\306}{section*.45}% 32
\BOOKMARK [2][]{section*.47}{\376\377\000\065\000\056\000\061\000\056\000\062\000\040\213\304\117\060\150\007\121\306}{section*.45}% 33
\BOOKMARK [1][]{section*.52}{\376\377\000\065\000\056\000\062\000\040\155\210\207\215\133\236\232\214}{section*.44}% 34
\BOOKMARK [2][]{section*.53}{\376\377\000\065\000\056\000\062\000\056\000\061\000\040\133\236\232\214\116\313\176\315}{section*.52}% 35
\BOOKMARK [2][]{section*.54}{\376\377\000\065\000\056\000\062\000\056\000\062\000\040\133\236\232\214\176\323\147\234\116\345\123\312\145\160\143\156\122\006\147\220}{section*.52}% 36
\BOOKMARK [1][]{section*.73}{\376\377\000\065\000\056\000\063\000\040\133\371\153\324\133\236\232\214}{section*.44}% 37
\BOOKMARK [2][]{section*.74}{\376\377\000\065\000\056\000\063\000\056\000\061\000\040\133\371\153\324\173\227\154\325}{section*.73}% 38
\BOOKMARK [2][]{section*.75}{\376\377\000\065\000\056\000\063\000\056\000\062\000\040\133\236\232\214\176\323\147\234\116\345\123\312\145\160\143\156\122\006\147\220}{section*.73}% 39
\BOOKMARK [0][]{section*.78}{\376\377\000\066\000\040\140\073\176\323\116\016\134\125\147\033}{ctitle.-1}% 40
\BOOKMARK [0][]{section*.80}{\376\377\123\302\200\003\145\207\163\056}{ctitle.-1}% 41
\BOOKMARK [0][]{section*.81}{\376\377\123\321\210\150\213\272\145\207\124\214\123\302\122\240\171\321\170\024\140\305\121\265\213\364\146\016}{ctitle.-1}% 42
\BOOKMARK [0][]{section*.83}{\376\377\201\364\000\040\214\042}{ctitle.-1}% 43
